[2023-05-09 10:48:34] local.ERROR: count(): Argument #1 ($var) must be of type Countable|array, null given {"view":{"view":"/Users/mac/repos/jamo-shipping-backend/resources/views/layout.blade.php","data":{"user":"<pre class=sf-dump id=sf-dump-184011688 data-indent-pad=\"  \"><span class=sf-dump-const>null</span>
</pre><script>Sfdump(\"sf-dump-184011688\", {\"maxDepth\":3,\"maxStringLength\":160})</script>
","result":"<pre class=sf-dump id=sf-dump-23587286 data-indent-pad=\"  \"><span class=sf-dump-note>array:4</span> [<samp data-depth=1 class=sf-dump-expanded>
  \"<span class=sf-dump-key>tracking</span>\" => <span class=sf-dump-note>array:14</span> [<samp data-depth=2 class=sf-dump-compact>
    \"<span class=sf-dump-key>id</span>\" => <span class=sf-dump-num>1</span>
    \"<span class=sf-dump-key>tnum</span>\" => \"<span class=sf-dump-str title=\"13 characters\">UNDIPL3187817</span>\"
    \"<span class=sf-dump-key>stype</span>\" => \"<span class=sf-dump-str title=\"9 characters\">metal box</span>\"
    \"<span class=sf-dump-key>weight</span>\" => \"<span class=sf-dump-str title=\"3 characters\">1.5</span>\"
    \"<span class=sf-dump-key>origin</span>\" => \"<span class=sf-dump-str title=\"6 characters\">taiwan</span>\"
    \"<span class=sf-dump-key>bmode</span>\" => \"<span class=sf-dump-str title=\"4 characters\">paid</span>\"
    \"<span class=sf-dump-key>freight</span>\" => \"<span class=sf-dump-str title=\"4 characters\">4000</span>\"
    \"<span class=sf-dump-key>mode</span>\" => \"<span class=sf-dump-str title=\"11 characters\">first class</span>\"
    \"<span class=sf-dump-key>description</span>\" => \"<span class=sf-dump-str title=\"16 characters\">test description</span>\"
    \"<span class=sf-dump-key>dest</span>\" => \"<span class=sf-dump-str title=\"3 characters\">usa</span>\"
    \"<span class=sf-dump-key>pickup_at</span>\" => \"<span class=sf-dump-str title=\"15 characters\">16th June, 2023</span>\"
    \"<span class=sf-dump-key>status</span>\" => \"<span class=sf-dump-str title=\"7 characters\">transit</span>\"
    \"<span class=sf-dump-key>date</span>\" => \"<span class=sf-dump-str title=\"13 characters\">8th May, 2023</span>\"
    \"<span class=sf-dump-key>last_updated</span>\" => \"<span class=sf-dump-str title=\"13 characters\">9th May, 2023</span>\"
  </samp>]
  \"<span class=sf-dump-key>shipper</span>\" => <span class=sf-dump-note>array:7</span> [<samp data-depth=2 class=sf-dump-compact>
    \"<span class=sf-dump-key>id</span>\" => <span class=sf-dump-num>1</span>
    \"<span class=sf-dump-key>tnum</span>\" => \"<span class=sf-dump-str title=\"13 characters\">UNDIPL3187817</span>\"
    \"<span class=sf-dump-key>name</span>\" => \"<span class=sf-dump-str title=\"20 characters\">Oluwatobi Kudayisi 2</span>\"
    \"<span class=sf-dump-key>address</span>\" => \"<span class=sf-dump-str title=\"18 characters\">1b patience street</span>\"
    \"<span class=sf-dump-key>phone</span>\" => \"<span class=sf-dump-str title=\"10 characters\">6777767677</span>\"
    \"<span class=sf-dump-key>date</span>\" => \"<span class=sf-dump-str title=\"13 characters\">8th May, 2023</span>\"
    \"<span class=sf-dump-key>last_updated</span>\" => \"<span class=sf-dump-str title=\"13 characters\">8th May, 2023</span>\"
  </samp>]
  \"<span class=sf-dump-key>receiver</span>\" => <span class=sf-dump-note>array:7</span> [<samp data-depth=2 class=sf-dump-compact>
    \"<span class=sf-dump-key>id</span>\" => <span class=sf-dump-num>1</span>
    \"<span class=sf-dump-key>tnum</span>\" => \"<span class=sf-dump-str title=\"13 characters\">UNDIPL3187817</span>\"
    \"<span class=sf-dump-key>name</span>\" => \"<span class=sf-dump-str title=\"18 characters\">Oluwatobi Kudayisi</span>\"
    \"<span class=sf-dump-key>address</span>\" => \"<span class=sf-dump-str title=\"18 characters\">1b patience street</span>\"
    \"<span class=sf-dump-key>phone</span>\" => \"<span class=sf-dump-str title=\"8 characters\">56565656</span>\"
    \"<span class=sf-dump-key>date</span>\" => \"<span class=sf-dump-str title=\"13 characters\">8th May, 2023</span>\"
    \"<span class=sf-dump-key>last_updated</span>\" => \"<span class=sf-dump-str title=\"13 characters\">8th May, 2023</span>\"
  </samp>]
  \"<span class=sf-dump-key>history</span>\" => <span class=sf-dump-note>array:2</span> [<samp data-depth=2 class=sf-dump-compact>
    <span class=sf-dump-index>0</span> => <span class=sf-dump-note>array:7</span> [<samp data-depth=3 class=sf-dump-compact>
      \"<span class=sf-dump-key>id</span>\" => <span class=sf-dump-num>2</span>
      \"<span class=sf-dump-key>tnum</span>\" => \"<span class=sf-dump-str title=\"13 characters\">UNDIPL3187817</span>\"
      \"<span class=sf-dump-key>location</span>\" => \"<span class=sf-dump-str title=\"6 characters\">Taiwan</span>\"
      \"<span class=sf-dump-key>remarks</span>\" => \"<span class=sf-dump-str title=\"72 characters\">The package has left the Taiwan depot and is en route to the destination</span>\"
      \"<span class=sf-dump-key>status</span>\" => \"<span class=sf-dump-str title=\"7 characters\">transit</span>\"
      \"<span class=sf-dump-key>date</span>\" => \"<span class=sf-dump-str title=\"22 characters\">9th May, 2023 10:24 AM</span>\"
      \"<span class=sf-dump-key>last_updated</span>\" => \"<span class=sf-dump-str title=\"22 characters\">9th May, 2023 10:24 AM</span>\"
    </samp>]
    <span class=sf-dump-index>1</span> => <span class=sf-dump-note>array:7</span> [<samp data-depth=3 class=sf-dump-compact>
      \"<span class=sf-dump-key>id</span>\" => <span class=sf-dump-num>1</span>
      \"<span class=sf-dump-key>tnum</span>\" => \"<span class=sf-dump-str title=\"13 characters\">UNDIPL3187817</span>\"
      \"<span class=sf-dump-key>location</span>\" => \"<span class=sf-dump-str title=\"6 characters\">Taiwan</span>\"
      \"<span class=sf-dump-key>remarks</span>\" => \"<span class=sf-dump-str title=\"43 characters\">The package has arrived at the Taiwan depot</span>\"
      \"<span class=sf-dump-key>status</span>\" => \"<span class=sf-dump-str title=\"7 characters\">station</span>\"
      \"<span class=sf-dump-key>date</span>\" => \"<span class=sf-dump-str title=\"22 characters\">9th May, 2023 10:11 AM</span>\"
      \"<span class=sf-dump-key>last_updated</span>\" => \"<span class=sf-dump-str title=\"22 characters\">9th May, 2023 10:11 AM</span>\"
    </samp>]
  </samp>]
</samp>]
</pre><script>Sfdump(\"sf-dump-23587286\", {\"maxDepth\":3,\"maxStringLength\":160})</script>
","valid":"<pre class=sf-dump id=sf-dump-2109712298 data-indent-pad=\"  \"><span class=sf-dump-const>true</span>
</pre><script>Sfdump(\"sf-dump-2109712298\", {\"maxDepth\":3,\"maxStringLength\":160})</script>
","signals":"<pre class=sf-dump id=sf-dump-1467128066 data-indent-pad=\"  \"><span class=sf-dump-note>array:2</span> [<samp data-depth=1 class=sf-dump-expanded>
  \"<span class=sf-dump-key>okays</span>\" => <span class=sf-dump-note>array:7</span> [<samp data-depth=2 class=sf-dump-compact>
    \"<span class=sf-dump-key>login-status</span>\" => \"<span class=sf-dump-str title=\"18 characters\">Sign in successful</span>\"
    \"<span class=sf-dump-key>signup-status</span>\" => \"<span class=sf-dump-str title=\"29 characters\">Account created successfully!</span>\"
    \"<span class=sf-dump-key>update-profile-status</span>\" => \"<span class=sf-dump-str title=\"16 characters\">Profile updated!</span>\"
    \"<span class=sf-dump-key>new-tracking-status</span>\" => \"<span class=sf-dump-str title=\"15 characters\">Tracking added!</span>\"
    \"<span class=sf-dump-key>tracking-status</span>\" => \"<span class=sf-dump-str title=\"17 characters\">Tracking updated!</span>\"
    \"<span class=sf-dump-key>remove-tracking-status</span>\" => \"<span class=sf-dump-str title=\"17 characters\">Tracking removed!</span>\"
    \"<span class=sf-dump-key>contact-status</span>\" => \"<span class=sf-dump-str title=\"80 characters\">Message sent! Our customer service representatives will get back to you shortly.</span>\"
  </samp>]
  \"<span class=sf-dump-key>errors</span>\" => <span class=sf-dump-note>array:5</span> [<samp data-depth=2 class=sf-dump-compact>
    \"<span class=sf-dump-key>login-status-error</span>\" => \"<span class=sf-dump-str title=\"55 characters\">There was a problem signing in, please contact support.</span>\"
    \"<span class=sf-dump-key>signup-status-error</span>\" => \"<span class=sf-dump-str title=\"55 characters\">There was a problem signing in, please contact support.</span>\"
    \"<span class=sf-dump-key>update-status-error</span>\" => \"<span class=sf-dump-str title=\"65 characters\">There was a problem updating the account, please contact support.</span>\"
    \"<span class=sf-dump-key>contact-status-error</span>\" => \"<span class=sf-dump-str title=\"65 characters\">There was a problem sending your message, please contact support.</span>\"
    \"<span class=sf-dump-key>tracking-status-error</span>\" => \"<span class=sf-dump-str title=\"29 characters\">Tracking info does not exist!</span>\"
  </samp>]
</samp>]
</pre><script>Sfdump(\"sf-dump-1467128066\", {\"maxDepth\":3,\"maxStringLength\":160})</script>
","plugins":"<pre class=sf-dump id=sf-dump-1001122504 data-indent-pad=\"  \"><span class=sf-dump-note>array:1</span> [<samp data-depth=1 class=sf-dump-expanded>
  <span class=sf-dump-index>0</span> => <span class=sf-dump-note>array:4</span> [<samp data-depth=2 class=sf-dump-compact>
    \"<span class=sf-dump-key>id</span>\" => <span class=sf-dump-num>1</span>
    \"<span class=sf-dump-key>name</span>\" => \"<span class=sf-dump-str title=\"13 characters\">Test Plugin 1</span>\"
    \"<span class=sf-dump-key>value</span>\" => \"<span class=sf-dump-str title=\"56 characters\">&lt;script&gt;console.log(&quot;Test Plugin 1 is online&quot;);&lt;/script&gt;</span>\"
    \"<span class=sf-dump-key>status</span>\" => \"<span class=sf-dump-str title=\"6 characters\">active</span>\"
  </samp>]
</samp>]
</pre><script>Sfdump(\"sf-dump-1001122504\", {\"maxDepth\":3,\"maxStringLength\":160})</script>
","void":"<pre class=sf-dump id=sf-dump-549361074 data-indent-pad=\"  \">\"<span class=sf-dump-str title=\"18 characters\">javascript:void(0)</span>\"
</pre><script>Sfdump(\"sf-dump-549361074\", {\"maxDepth\":3,\"maxStringLength\":160})</script>
"}},"exception":"[object] (Spatie\\LaravelIgnition\\Exceptions\\ViewException(code: 0): count(): Argument #1 ($var) must be of type Countable|array, null given at /Users/mac/repos/jamo-shipping-backend/resources/views/layout.blade.php:303)
[stacktrace]
#0 /Users/mac/repos/jamo-shipping-backend/vendor/laravel/framework/src/Illuminate/Filesystem/Filesystem.php(107): require()
#1 /Users/mac/repos/jamo-shipping-backend/vendor/laravel/framework/src/Illuminate/Filesystem/Filesystem.php(108): Illuminate\\Filesystem\\Filesystem::Illuminate\\Filesystem\\{closure}()
#2 /Users/mac/repos/jamo-shipping-backend/vendor/laravel/framework/src/Illuminate/View/Engines/PhpEngine.php(58): Illuminate\\Filesystem\\Filesystem->getRequire('/Users/mac/repo...', Array)
#3 /Users/mac/repos/jamo-shipping-backend/vendor/laravel/framework/src/Illuminate/View/Engines/CompilerEngine.php(61): Illuminate\\View\\Engines\\PhpEngine->evaluatePath('/Users/mac/repo...', Array)
#4 /Users/mac/repos/jamo-shipping-backend/vendor/laravel/framework/src/Illuminate/View/View.php(139): Illuminate\\View\\Engines\\CompilerEngine->get('/Users/mac/repo...', Array)
#5 /Users/mac/repos/jamo-shipping-backend/vendor/laravel/framework/src/Illuminate/View/View.php(122): Illuminate\\View\\View->getContents()
#6 /Users/mac/repos/jamo-shipping-backend/vendor/laravel/framework/src/Illuminate/View/View.php(91): Illuminate\\View\\View->renderContents()
#7 /Users/mac/repos/jamo-shipping-backend/resources/views/track.blade.php(23): Illuminate\\View\\View->render()
#8 /Users/mac/repos/jamo-shipping-backend/vendor/laravel/framework/src/Illuminate/Filesystem/Filesystem.php(107): require('/Users/mac/repo...')
#9 /Users/mac/repos/jamo-shipping-backend/vendor/laravel/framework/src/Illuminate/Filesystem/Filesystem.php(108): Illuminate\\Filesystem\\Filesystem::Illuminate\\Filesystem\\{closure}()
#10 /Users/mac/repos/jamo-shipping-backend/vendor/laravel/framework/src/Illuminate/View/Engines/PhpEngine.php(58): Illuminate\\Filesystem\\Filesystem->getRequire('/Users/mac/repo...', Array)
#11 /Users/mac/repos/jamo-shipping-backend/vendor/laravel/framework/src/Illuminate/View/Engines/CompilerEngine.php(61): Illuminate\\View\\Engines\\PhpEngine->evaluatePath('/Users/mac/repo...', Array)
#12 /Users/mac/repos/jamo-shipping-backend/vendor/laravel/framework/src/Illuminate/View/View.php(139): Illuminate\\View\\Engines\\CompilerEngine->get('/Users/mac/repo...', Array)
#13 /Users/mac/repos/jamo-shipping-backend/vendor/laravel/framework/src/Illuminate/View/View.php(122): Illuminate\\View\\View->getContents()
#14 /Users/mac/repos/jamo-shipping-backend/vendor/laravel/framework/src/Illuminate/View/View.php(91): Illuminate\\View\\View->renderContents()
#15 /Users/mac/repos/jamo-shipping-backend/vendor/laravel/framework/src/Illuminate/Http/Response.php(69): Illuminate\\View\\View->render()
#16 /Users/mac/repos/jamo-shipping-backend/vendor/laravel/framework/src/Illuminate/Http/Response.php(35): Illuminate\\Http\\Response->setContent(Object(Illuminate\\View\\View))
#17 /Users/mac/repos/jamo-shipping-backend/vendor/laravel/framework/src/Illuminate/Routing/Router.php(834): Illuminate\\Http\\Response->__construct(Object(Illuminate\\View\\View), 200, Array)
#18 /Users/mac/repos/jamo-shipping-backend/vendor/laravel/framework/src/Illuminate/Routing/Router.php(803): Illuminate\\Routing\\Router::toResponse(Object(Illuminate\\Http\\Request), Object(Illuminate\\View\\View))
#19 /Users/mac/repos/jamo-shipping-backend/vendor/laravel/framework/src/Illuminate/Routing/Router.php(725): Illuminate\\Routing\\Router->prepareResponse(Object(Illuminate\\Http\\Request), Object(Illuminate\\View\\View))
#20 /Users/mac/repos/jamo-shipping-backend/vendor/laravel/framework/src/Illuminate/Pipeline/Pipeline.php(128): Illuminate\\Routing\\Router->Illuminate\\Routing\\{closure}(Object(Illuminate\\Http\\Request))
#21 /Users/mac/repos/jamo-shipping-backend/vendor/laravel/framework/src/Illuminate/Routing/Middleware/SubstituteBindings.php(50): Illuminate\\Pipeline\\Pipeline->Illuminate\\Pipeline\\{closure}(Object(Illuminate\\Http\\Request))
#22 /Users/mac/repos/jamo-shipping-backend/vendor/laravel/framework/src/Illuminate/Pipeline/Pipeline.php(167): Illuminate\\Routing\\Middleware\\SubstituteBindings->handle(Object(Illuminate\\Http\\Request), Object(Closure))
#23 /Users/mac/repos/jamo-shipping-backend/vendor/laravel/framework/src/Illuminate/Routing/Middleware/ThrottleRequests.php(126): Illuminate\\Pipeline\\Pipeline->Illuminate\\Pipeline\\{closure}(Object(Illuminate\\Http\\Request))
#24 /Users/mac/repos/jamo-shipping-backend/vendor/laravel/framework/src/Illuminate/Routing/Middleware/ThrottleRequests.php(102): Illuminate\\Routing\\Middleware\\ThrottleRequests->handleRequest(Object(Illuminate\\Http\\Request), Object(Closure), Array)
#25 /Users/mac/repos/jamo-shipping-backend/vendor/laravel/framework/src/Illuminate/Routing/Middleware/ThrottleRequests.php(54): Illuminate\\Routing\\Middleware\\ThrottleRequests->handleRequestUsingNamedLimiter(Object(Illuminate\\Http\\Request), Object(Closure), 'api', Object(Closure))
#26 /Users/mac/repos/jamo-shipping-backend/vendor/laravel/framework/src/Illuminate/Pipeline/Pipeline.php(167): Illuminate\\Routing\\Middleware\\ThrottleRequests->handle(Object(Illuminate\\Http\\Request), Object(Closure), 'api')
#27 /Users/mac/repos/jamo-shipping-backend/vendor/laravel/framework/src/Illuminate/Pipeline/Pipeline.php(103): Illuminate\\Pipeline\\Pipeline->Illuminate\\Pipeline\\{closure}(Object(Illuminate\\Http\\Request))
#28 /Users/mac/repos/jamo-shipping-backend/vendor/laravel/framework/src/Illuminate/Routing/Router.php(727): Illuminate\\Pipeline\\Pipeline->then(Object(Closure))
#29 /Users/mac/repos/jamo-shipping-backend/vendor/laravel/framework/src/Illuminate/Routing/Router.php(702): Illuminate\\Routing\\Router->runRouteWithinStack(Object(Illuminate\\Routing\\Route), Object(Illuminate\\Http\\Request))
#30 /Users/mac/repos/jamo-shipping-backend/vendor/laravel/framework/src/Illuminate/Routing/Router.php(666): Illuminate\\Routing\\Router->runRoute(Object(Illuminate\\Http\\Request), Object(Illuminate\\Routing\\Route))
#31 /Users/mac/repos/jamo-shipping-backend/vendor/laravel/framework/src/Illuminate/Routing/Router.php(655): Illuminate\\Routing\\Router->dispatchToRoute(Object(Illuminate\\Http\\Request))
#32 /Users/mac/repos/jamo-shipping-backend/vendor/laravel/framework/src/Illuminate/Foundation/Http/Kernel.php(167): Illuminate\\Routing\\Router->dispatch(Object(Illuminate\\Http\\Request))
#33 /Users/mac/repos/jamo-shipping-backend/vendor/laravel/framework/src/Illuminate/Pipeline/Pipeline.php(128): Illuminate\\Foundation\\Http\\Kernel->Illuminate\\Foundation\\Http\\{closure}(Object(Illuminate\\Http\\Request))
#34 /Users/mac/repos/jamo-shipping-backend/vendor/laravel/framework/src/Illuminate/Foundation/Http/Middleware/TransformsRequest.php(21): Illuminate\\Pipeline\\Pipeline->Illuminate\\Pipeline\\{closure}(Object(Illuminate\\Http\\Request))
#35 /Users/mac/repos/jamo-shipping-backend/vendor/laravel/framework/src/Illuminate/Foundation/Http/Middleware/ConvertEmptyStringsToNull.php(31): Illuminate\\Foundation\\Http\\Middleware\\TransformsRequest->handle(Object(Illuminate\\Http\\Request), Object(Closure))
#36 /Users/mac/repos/jamo-shipping-backend/vendor/laravel/framework/src/Illuminate/Pipeline/Pipeline.php(167): Illuminate\\Foundation\\Http\\Middleware\\ConvertEmptyStringsToNull->handle(Object(Illuminate\\Http\\Request), Object(Closure))
#37 /Users/mac/repos/jamo-shipping-backend/vendor/laravel/framework/src/Illuminate/Foundation/Http/Middleware/TransformsRequest.php(21): Illuminate\\Pipeline\\Pipeline->Illuminate\\Pipeline\\{closure}(Object(Illuminate\\Http\\Request))
#38 /Users/mac/repos/jamo-shipping-backend/vendor/laravel/framework/src/Illuminate/Foundation/Http/Middleware/TrimStrings.php(40): Illuminate\\Foundation\\Http\\Middleware\\TransformsRequest->handle(Object(Illuminate\\Http\\Request), Object(Closure))
#39 /Users/mac/repos/jamo-shipping-backend/vendor/laravel/framework/src/Illuminate/Pipeline/Pipeline.php(167): Illuminate\\Foundation\\Http\\Middleware\\TrimStrings->handle(Object(Illuminate\\Http\\Request), Object(Closure))
#40 /Users/mac/repos/jamo-shipping-backend/vendor/laravel/framework/src/Illuminate/Foundation/Http/Middleware/ValidatePostSize.php(27): Illuminate\\Pipeline\\Pipeline->Illuminate\\Pipeline\\{closure}(Object(Illuminate\\Http\\Request))
#41 /Users/mac/repos/jamo-shipping-backend/vendor/laravel/framework/src/Illuminate/Pipeline/Pipeline.php(167): Illuminate\\Foundation\\Http\\Middleware\\ValidatePostSize->handle(Object(Illuminate\\Http\\Request), Object(Closure))
#42 /Users/mac/repos/jamo-shipping-backend/vendor/laravel/framework/src/Illuminate/Foundation/Http/Middleware/PreventRequestsDuringMaintenance.php(86): Illuminate\\Pipeline\\Pipeline->Illuminate\\Pipeline\\{closure}(Object(Illuminate\\Http\\Request))
#43 /Users/mac/repos/jamo-shipping-backend/vendor/laravel/framework/src/Illuminate/Pipeline/Pipeline.php(167): Illuminate\\Foundation\\Http\\Middleware\\PreventRequestsDuringMaintenance->handle(Object(Illuminate\\Http\\Request), Object(Closure))
#44 /Users/mac/repos/jamo-shipping-backend/vendor/laravel/framework/src/Illuminate/Http/Middleware/HandleCors.php(62): Illuminate\\Pipeline\\Pipeline->Illuminate\\Pipeline\\{closure}(Object(Illuminate\\Http\\Request))
#45 /Users/mac/repos/jamo-shipping-backend/vendor/laravel/framework/src/Illuminate/Pipeline/Pipeline.php(167): Illuminate\\Http\\Middleware\\HandleCors->handle(Object(Illuminate\\Http\\Request), Object(Closure))
#46 /Users/mac/repos/jamo-shipping-backend/vendor/laravel/framework/src/Illuminate/Http/Middleware/TrustProxies.php(39): Illuminate\\Pipeline\\Pipeline->Illuminate\\Pipeline\\{closure}(Object(Illuminate\\Http\\Request))
#47 /Users/mac/repos/jamo-shipping-backend/vendor/laravel/framework/src/Illuminate/Pipeline/Pipeline.php(167): Illuminate\\Http\\Middleware\\TrustProxies->handle(Object(Illuminate\\Http\\Request), Object(Closure))
#48 /Users/mac/repos/jamo-shipping-backend/vendor/laravel/framework/src/Illuminate/Pipeline/Pipeline.php(103): Illuminate\\Pipeline\\Pipeline->Illuminate\\Pipeline\\{closure}(Object(Illuminate\\Http\\Request))
#49 /Users/mac/repos/jamo-shipping-backend/vendor/laravel/framework/src/Illuminate/Foundation/Http/Kernel.php(142): Illuminate\\Pipeline\\Pipeline->then(Object(Closure))
#50 /Users/mac/repos/jamo-shipping-backend/vendor/laravel/framework/src/Illuminate/Foundation/Http/Kernel.php(111): Illuminate\\Foundation\\Http\\Kernel->sendRequestThroughRouter(Object(Illuminate\\Http\\Request))
#51 /Users/mac/repos/jamo-shipping-backend/public/index.php(52): Illuminate\\Foundation\\Http\\Kernel->handle(Object(Illuminate\\Http\\Request))
#52 /Users/mac/repos/jamo-shipping-backend/vendor/laravel/framework/src/Illuminate/Foundation/resources/server.php(16): require_once('/Users/mac/repo...')
#53 {main}

[previous exception] [object] (TypeError(code: 0): count(): Argument #1 ($var) must be of type Countable|array, null given at /Users/mac/repos/jamo-shipping-backend/storage/framework/views/0f440a0977964dbe7e1046f25557e449a051b4ac.php:305)
[stacktrace]
#0 /Users/mac/repos/jamo-shipping-backend/vendor/laravel/framework/src/Illuminate/Filesystem/Filesystem.php(107): require()
#1 /Users/mac/repos/jamo-shipping-backend/vendor/laravel/framework/src/Illuminate/Filesystem/Filesystem.php(108): Illuminate\\Filesystem\\Filesystem::Illuminate\\Filesystem\\{closure}()
#2 /Users/mac/repos/jamo-shipping-backend/vendor/laravel/framework/src/Illuminate/View/Engines/PhpEngine.php(58): Illuminate\\Filesystem\\Filesystem->getRequire('/Users/mac/repo...', Array)
#3 /Users/mac/repos/jamo-shipping-backend/vendor/laravel/framework/src/Illuminate/View/Engines/CompilerEngine.php(61): Illuminate\\View\\Engines\\PhpEngine->evaluatePath('/Users/mac/repo...', Array)
#4 /Users/mac/repos/jamo-shipping-backend/vendor/laravel/framework/src/Illuminate/View/View.php(139): Illuminate\\View\\Engines\\CompilerEngine->get('/Users/mac/repo...', Array)
#5 /Users/mac/repos/jamo-shipping-backend/vendor/laravel/framework/src/Illuminate/View/View.php(122): Illuminate\\View\\View->getContents()
#6 /Users/mac/repos/jamo-shipping-backend/vendor/laravel/framework/src/Illuminate/View/View.php(91): Illuminate\\View\\View->renderContents()
#7 /Users/mac/repos/jamo-shipping-backend/storage/framework/views/a2916b0f203c4b8b21c6c74e7ad531d6d371c51f.php(24): Illuminate\\View\\View->render()
#8 /Users/mac/repos/jamo-shipping-backend/vendor/laravel/framework/src/Illuminate/Filesystem/Filesystem.php(107): require('/Users/mac/repo...')
#9 /Users/mac/repos/jamo-shipping-backend/vendor/laravel/framework/src/Illuminate/Filesystem/Filesystem.php(108): Illuminate\\Filesystem\\Filesystem::Illuminate\\Filesystem\\{closure}()
#10 /Users/mac/repos/jamo-shipping-backend/vendor/laravel/framework/src/Illuminate/View/Engines/PhpEngine.php(58): Illuminate\\Filesystem\\Filesystem->getRequire('/Users/mac/repo...', Array)
#11 /Users/mac/repos/jamo-shipping-backend/vendor/laravel/framework/src/Illuminate/View/Engines/CompilerEngine.php(61): Illuminate\\View\\Engines\\PhpEngine->evaluatePath('/Users/mac/repo...', Array)
#12 /Users/mac/repos/jamo-shipping-backend/vendor/laravel/framework/src/Illuminate/View/View.php(139): Illuminate\\View\\Engines\\CompilerEngine->get('/Users/mac/repo...', Array)
#13 /Users/mac/repos/jamo-shipping-backend/vendor/laravel/framework/src/Illuminate/View/View.php(122): Illuminate\\View\\View->getContents()
#14 /Users/mac/repos/jamo-shipping-backend/vendor/laravel/framework/src/Illuminate/View/View.php(91): Illuminate\\View\\View->renderContents()
#15 /Users/mac/repos/jamo-shipping-backend/vendor/laravel/framework/src/Illuminate/Http/Response.php(69): Illuminate\\View\\View->render()
#16 /Users/mac/repos/jamo-shipping-backend/vendor/laravel/framework/src/Illuminate/Http/Response.php(35): Illuminate\\Http\\Response->setContent(Object(Illuminate\\View\\View))
#17 /Users/mac/repos/jamo-shipping-backend/vendor/laravel/framework/src/Illuminate/Routing/Router.php(834): Illuminate\\Http\\Response->__construct(Object(Illuminate\\View\\View), 200, Array)
#18 /Users/mac/repos/jamo-shipping-backend/vendor/laravel/framework/src/Illuminate/Routing/Router.php(803): Illuminate\\Routing\\Router::toResponse(Object(Illuminate\\Http\\Request), Object(Illuminate\\View\\View))
#19 /Users/mac/repos/jamo-shipping-backend/vendor/laravel/framework/src/Illuminate/Routing/Router.php(725): Illuminate\\Routing\\Router->prepareResponse(Object(Illuminate\\Http\\Request), Object(Illuminate\\View\\View))
#20 /Users/mac/repos/jamo-shipping-backend/vendor/laravel/framework/src/Illuminate/Pipeline/Pipeline.php(128): Illuminate\\Routing\\Router->Illuminate\\Routing\\{closure}(Object(Illuminate\\Http\\Request))
#21 /Users/mac/repos/jamo-shipping-backend/vendor/laravel/framework/src/Illuminate/Routing/Middleware/SubstituteBindings.php(50): Illuminate\\Pipeline\\Pipeline->Illuminate\\Pipeline\\{closure}(Object(Illuminate\\Http\\Request))
#22 /Users/mac/repos/jamo-shipping-backend/vendor/laravel/framework/src/Illuminate/Pipeline/Pipeline.php(167): Illuminate\\Routing\\Middleware\\SubstituteBindings->handle(Object(Illuminate\\Http\\Request), Object(Closure))
#23 /Users/mac/repos/jamo-shipping-backend/vendor/laravel/framework/src/Illuminate/Routing/Middleware/ThrottleRequests.php(126): Illuminate\\Pipeline\\Pipeline->Illuminate\\Pipeline\\{closure}(Object(Illuminate\\Http\\Request))
#24 /Users/mac/repos/jamo-shipping-backend/vendor/laravel/framework/src/Illuminate/Routing/Middleware/ThrottleRequests.php(102): Illuminate\\Routing\\Middleware\\ThrottleRequests->handleRequest(Object(Illuminate\\Http\\Request), Object(Closure), Array)
#25 /Users/mac/repos/jamo-shipping-backend/vendor/laravel/framework/src/Illuminate/Routing/Middleware/ThrottleRequests.php(54): Illuminate\\Routing\\Middleware\\ThrottleRequests->handleRequestUsingNamedLimiter(Object(Illuminate\\Http\\Request), Object(Closure), 'api', Object(Closure))
#26 /Users/mac/repos/jamo-shipping-backend/vendor/laravel/framework/src/Illuminate/Pipeline/Pipeline.php(167): Illuminate\\Routing\\Middleware\\ThrottleRequests->handle(Object(Illuminate\\Http\\Request), Object(Closure), 'api')
#27 /Users/mac/repos/jamo-shipping-backend/vendor/laravel/framework/src/Illuminate/Pipeline/Pipeline.php(103): Illuminate\\Pipeline\\Pipeline->Illuminate\\Pipeline\\{closure}(Object(Illuminate\\Http\\Request))
#28 /Users/mac/repos/jamo-shipping-backend/vendor/laravel/framework/src/Illuminate/Routing/Router.php(727): Illuminate\\Pipeline\\Pipeline->then(Object(Closure))
#29 /Users/mac/repos/jamo-shipping-backend/vendor/laravel/framework/src/Illuminate/Routing/Router.php(702): Illuminate\\Routing\\Router->runRouteWithinStack(Object(Illuminate\\Routing\\Route), Object(Illuminate\\Http\\Request))
#30 /Users/mac/repos/jamo-shipping-backend/vendor/laravel/framework/src/Illuminate/Routing/Router.php(666): Illuminate\\Routing\\Router->runRoute(Object(Illuminate\\Http\\Request), Object(Illuminate\\Routing\\Route))
#31 /Users/mac/repos/jamo-shipping-backend/vendor/laravel/framework/src/Illuminate/Routing/Router.php(655): Illuminate\\Routing\\Router->dispatchToRoute(Object(Illuminate\\Http\\Request))
#32 /Users/mac/repos/jamo-shipping-backend/vendor/laravel/framework/src/Illuminate/Foundation/Http/Kernel.php(167): Illuminate\\Routing\\Router->dispatch(Object(Illuminate\\Http\\Request))
#33 /Users/mac/repos/jamo-shipping-backend/vendor/laravel/framework/src/Illuminate/Pipeline/Pipeline.php(128): Illuminate\\Foundation\\Http\\Kernel->Illuminate\\Foundation\\Http\\{closure}(Object(Illuminate\\Http\\Request))
#34 /Users/mac/repos/jamo-shipping-backend/vendor/laravel/framework/src/Illuminate/Foundation/Http/Middleware/TransformsRequest.php(21): Illuminate\\Pipeline\\Pipeline->Illuminate\\Pipeline\\{closure}(Object(Illuminate\\Http\\Request))
#35 /Users/mac/repos/jamo-shipping-backend/vendor/laravel/framework/src/Illuminate/Foundation/Http/Middleware/ConvertEmptyStringsToNull.php(31): Illuminate\\Foundation\\Http\\Middleware\\TransformsRequest->handle(Object(Illuminate\\Http\\Request), Object(Closure))
#36 /Users/mac/repos/jamo-shipping-backend/vendor/laravel/framework/src/Illuminate/Pipeline/Pipeline.php(167): Illuminate\\Foundation\\Http\\Middleware\\ConvertEmptyStringsToNull->handle(Object(Illuminate\\Http\\Request), Object(Closure))
#37 /Users/mac/repos/jamo-shipping-backend/vendor/laravel/framework/src/Illuminate/Foundation/Http/Middleware/TransformsRequest.php(21): Illuminate\\Pipeline\\Pipeline->Illuminate\\Pipeline\\{closure}(Object(Illuminate\\Http\\Request))
#38 /Users/mac/repos/jamo-shipping-backend/vendor/laravel/framework/src/Illuminate/Foundation/Http/Middleware/TrimStrings.php(40): Illuminate\\Foundation\\Http\\Middleware\\TransformsRequest->handle(Object(Illuminate\\Http\\Request), Object(Closure))
#39 /Users/mac/repos/jamo-shipping-backend/vendor/laravel/framework/src/Illuminate/Pipeline/Pipeline.php(167): Illuminate\\Foundation\\Http\\Middleware\\TrimStrings->handle(Object(Illuminate\\Http\\Request), Object(Closure))
#40 /Users/mac/repos/jamo-shipping-backend/vendor/laravel/framework/src/Illuminate/Foundation/Http/Middleware/ValidatePostSize.php(27): Illuminate\\Pipeline\\Pipeline->Illuminate\\Pipeline\\{closure}(Object(Illuminate\\Http\\Request))
#41 /Users/mac/repos/jamo-shipping-backend/vendor/laravel/framework/src/Illuminate/Pipeline/Pipeline.php(167): Illuminate\\Foundation\\Http\\Middleware\\ValidatePostSize->handle(Object(Illuminate\\Http\\Request), Object(Closure))
#42 /Users/mac/repos/jamo-shipping-backend/vendor/laravel/framework/src/Illuminate/Foundation/Http/Middleware/PreventRequestsDuringMaintenance.php(86): Illuminate\\Pipeline\\Pipeline->Illuminate\\Pipeline\\{closure}(Object(Illuminate\\Http\\Request))
#43 /Users/mac/repos/jamo-shipping-backend/vendor/laravel/framework/src/Illuminate/Pipeline/Pipeline.php(167): Illuminate\\Foundation\\Http\\Middleware\\PreventRequestsDuringMaintenance->handle(Object(Illuminate\\Http\\Request), Object(Closure))
#44 /Users/mac/repos/jamo-shipping-backend/vendor/laravel/framework/src/Illuminate/Http/Middleware/HandleCors.php(62): Illuminate\\Pipeline\\Pipeline->Illuminate\\Pipeline\\{closure}(Object(Illuminate\\Http\\Request))
#45 /Users/mac/repos/jamo-shipping-backend/vendor/laravel/framework/src/Illuminate/Pipeline/Pipeline.php(167): Illuminate\\Http\\Middleware\\HandleCors->handle(Object(Illuminate\\Http\\Request), Object(Closure))
#46 /Users/mac/repos/jamo-shipping-backend/vendor/laravel/framework/src/Illuminate/Http/Middleware/TrustProxies.php(39): Illuminate\\Pipeline\\Pipeline->Illuminate\\Pipeline\\{closure}(Object(Illuminate\\Http\\Request))
#47 /Users/mac/repos/jamo-shipping-backend/vendor/laravel/framework/src/Illuminate/Pipeline/Pipeline.php(167): Illuminate\\Http\\Middleware\\TrustProxies->handle(Object(Illuminate\\Http\\Request), Object(Closure))
#48 /Users/mac/repos/jamo-shipping-backend/vendor/laravel/framework/src/Illuminate/Pipeline/Pipeline.php(103): Illuminate\\Pipeline\\Pipeline->Illuminate\\Pipeline\\{closure}(Object(Illuminate\\Http\\Request))
#49 /Users/mac/repos/jamo-shipping-backend/vendor/laravel/framework/src/Illuminate/Foundation/Http/Kernel.php(142): Illuminate\\Pipeline\\Pipeline->then(Object(Closure))
#50 /Users/mac/repos/jamo-shipping-backend/vendor/laravel/framework/src/Illuminate/Foundation/Http/Kernel.php(111): Illuminate\\Foundation\\Http\\Kernel->sendRequestThroughRouter(Object(Illuminate\\Http\\Request))
#51 /Users/mac/repos/jamo-shipping-backend/public/index.php(52): Illuminate\\Foundation\\Http\\Kernel->handle(Object(Illuminate\\Http\\Request))
#52 /Users/mac/repos/jamo-shipping-backend/vendor/laravel/framework/src/Illuminate/Foundation/resources/server.php(16): require_once('/Users/mac/repo...')
#53 {main}

[previous exception] [object] (ErrorException(code: 0): Undefined variable $errors at /Users/mac/repos/jamo-shipping-backend/storage/framework/views/0f440a0977964dbe7e1046f25557e449a051b4ac.php:305)
[stacktrace]
#0 /Users/mac/repos/jamo-shipping-backend/vendor/laravel/framework/src/Illuminate/Foundation/Bootstrap/HandleExceptions.php(231): Illuminate\\Foundation\\Bootstrap\\HandleExceptions->handleError(2, 'Undefined varia...', '/Users/mac/repo...', 305)
#1 /Users/mac/repos/jamo-shipping-backend/storage/framework/views/0f440a0977964dbe7e1046f25557e449a051b4ac.php(305): Illuminate\\Foundation\\Bootstrap\\HandleExceptions->Illuminate\\Foundation\\Bootstrap\\{closure}(2, 'Undefined varia...', '/Users/mac/repo...', 305)
#2 /Users/mac/repos/jamo-shipping-backend/vendor/laravel/framework/src/Illuminate/Filesystem/Filesystem.php(107): require('/Users/mac/repo...')
#3 /Users/mac/repos/jamo-shipping-backend/vendor/laravel/framework/src/Illuminate/Filesystem/Filesystem.php(108): Illuminate\\Filesystem\\Filesystem::Illuminate\\Filesystem\\{closure}()
#4 /Users/mac/repos/jamo-shipping-backend/vendor/laravel/framework/src/Illuminate/View/Engines/PhpEngine.php(58): Illuminate\\Filesystem\\Filesystem->getRequire('/Users/mac/repo...', Array)
#5 /Users/mac/repos/jamo-shipping-backend/vendor/laravel/framework/src/Illuminate/View/Engines/CompilerEngine.php(61): Illuminate\\View\\Engines\\PhpEngine->evaluatePath('/Users/mac/repo...', Array)
#6 /Users/mac/repos/jamo-shipping-backend/vendor/laravel/framework/src/Illuminate/View/View.php(139): Illuminate\\View\\Engines\\CompilerEngine->get('/Users/mac/repo...', Array)
#7 /Users/mac/repos/jamo-shipping-backend/vendor/laravel/framework/src/Illuminate/View/View.php(122): Illuminate\\View\\View->getContents()
#8 /Users/mac/repos/jamo-shipping-backend/vendor/laravel/framework/src/Illuminate/View/View.php(91): Illuminate\\View\\View->renderContents()
#9 /Users/mac/repos/jamo-shipping-backend/storage/framework/views/a2916b0f203c4b8b21c6c74e7ad531d6d371c51f.php(24): Illuminate\\View\\View->render()
#10 /Users/mac/repos/jamo-shipping-backend/vendor/laravel/framework/src/Illuminate/Filesystem/Filesystem.php(107): require('/Users/mac/repo...')
#11 /Users/mac/repos/jamo-shipping-backend/vendor/laravel/framework/src/Illuminate/Filesystem/Filesystem.php(108): Illuminate\\Filesystem\\Filesystem::Illuminate\\Filesystem\\{closure}()
#12 /Users/mac/repos/jamo-shipping-backend/vendor/laravel/framework/src/Illuminate/View/Engines/PhpEngine.php(58): Illuminate\\Filesystem\\Filesystem->getRequire('/Users/mac/repo...', Array)
#13 /Users/mac/repos/jamo-shipping-backend/vendor/laravel/framework/src/Illuminate/View/Engines/CompilerEngine.php(61): Illuminate\\View\\Engines\\PhpEngine->evaluatePath('/Users/mac/repo...', Array)
#14 /Users/mac/repos/jamo-shipping-backend/vendor/laravel/framework/src/Illuminate/View/View.php(139): Illuminate\\View\\Engines\\CompilerEngine->get('/Users/mac/repo...', Array)
#15 /Users/mac/repos/jamo-shipping-backend/vendor/laravel/framework/src/Illuminate/View/View.php(122): Illuminate\\View\\View->getContents()
#16 /Users/mac/repos/jamo-shipping-backend/vendor/laravel/framework/src/Illuminate/View/View.php(91): Illuminate\\View\\View->renderContents()
#17 /Users/mac/repos/jamo-shipping-backend/vendor/laravel/framework/src/Illuminate/Http/Response.php(69): Illuminate\\View\\View->render()
#18 /Users/mac/repos/jamo-shipping-backend/vendor/laravel/framework/src/Illuminate/Http/Response.php(35): Illuminate\\Http\\Response->setContent(Object(Illuminate\\View\\View))
#19 /Users/mac/repos/jamo-shipping-backend/vendor/laravel/framework/src/Illuminate/Routing/Router.php(834): Illuminate\\Http\\Response->__construct(Object(Illuminate\\View\\View), 200, Array)
#20 /Users/mac/repos/jamo-shipping-backend/vendor/laravel/framework/src/Illuminate/Routing/Router.php(803): Illuminate\\Routing\\Router::toResponse(Object(Illuminate\\Http\\Request), Object(Illuminate\\View\\View))
#21 /Users/mac/repos/jamo-shipping-backend/vendor/laravel/framework/src/Illuminate/Routing/Router.php(725): Illuminate\\Routing\\Router->prepareResponse(Object(Illuminate\\Http\\Request), Object(Illuminate\\View\\View))
#22 /Users/mac/repos/jamo-shipping-backend/vendor/laravel/framework/src/Illuminate/Pipeline/Pipeline.php(128): Illuminate\\Routing\\Router->Illuminate\\Routing\\{closure}(Object(Illuminate\\Http\\Request))
#23 /Users/mac/repos/jamo-shipping-backend/vendor/laravel/framework/src/Illuminate/Routing/Middleware/SubstituteBindings.php(50): Illuminate\\Pipeline\\Pipeline->Illuminate\\Pipeline\\{closure}(Object(Illuminate\\Http\\Request))
#24 /Users/mac/repos/jamo-shipping-backend/vendor/laravel/framework/src/Illuminate/Pipeline/Pipeline.php(167): Illuminate\\Routing\\Middleware\\SubstituteBindings->handle(Object(Illuminate\\Http\\Request), Object(Closure))
#25 /Users/mac/repos/jamo-shipping-backend/vendor/laravel/framework/src/Illuminate/Routing/Middleware/ThrottleRequests.php(126): Illuminate\\Pipeline\\Pipeline->Illuminate\\Pipeline\\{closure}(Object(Illuminate\\Http\\Request))
#26 /Users/mac/repos/jamo-shipping-backend/vendor/laravel/framework/src/Illuminate/Routing/Middleware/ThrottleRequests.php(102): Illuminate\\Routing\\Middleware\\ThrottleRequests->handleRequest(Object(Illuminate\\Http\\Request), Object(Closure), Array)
#27 /Users/mac/repos/jamo-shipping-backend/vendor/laravel/framework/src/Illuminate/Routing/Middleware/ThrottleRequests.php(54): Illuminate\\Routing\\Middleware\\ThrottleRequests->handleRequestUsingNamedLimiter(Object(Illuminate\\Http\\Request), Object(Closure), 'api', Object(Closure))
#28 /Users/mac/repos/jamo-shipping-backend/vendor/laravel/framework/src/Illuminate/Pipeline/Pipeline.php(167): Illuminate\\Routing\\Middleware\\ThrottleRequests->handle(Object(Illuminate\\Http\\Request), Object(Closure), 'api')
#29 /Users/mac/repos/jamo-shipping-backend/vendor/laravel/framework/src/Illuminate/Pipeline/Pipeline.php(103): Illuminate\\Pipeline\\Pipeline->Illuminate\\Pipeline\\{closure}(Object(Illuminate\\Http\\Request))
#30 /Users/mac/repos/jamo-shipping-backend/vendor/laravel/framework/src/Illuminate/Routing/Router.php(727): Illuminate\\Pipeline\\Pipeline->then(Object(Closure))
#31 /Users/mac/repos/jamo-shipping-backend/vendor/laravel/framework/src/Illuminate/Routing/Router.php(702): Illuminate\\Routing\\Router->runRouteWithinStack(Object(Illuminate\\Routing\\Route), Object(Illuminate\\Http\\Request))
#32 /Users/mac/repos/jamo-shipping-backend/vendor/laravel/framework/src/Illuminate/Routing/Router.php(666): Illuminate\\Routing\\Router->runRoute(Object(Illuminate\\Http\\Request), Object(Illuminate\\Routing\\Route))
#33 /Users/mac/repos/jamo-shipping-backend/vendor/laravel/framework/src/Illuminate/Routing/Router.php(655): Illuminate\\Routing\\Router->dispatchToRoute(Object(Illuminate\\Http\\Request))
#34 /Users/mac/repos/jamo-shipping-backend/vendor/laravel/framework/src/Illuminate/Foundation/Http/Kernel.php(167): Illuminate\\Routing\\Router->dispatch(Object(Illuminate\\Http\\Request))
#35 /Users/mac/repos/jamo-shipping-backend/vendor/laravel/framework/src/Illuminate/Pipeline/Pipeline.php(128): Illuminate\\Foundation\\Http\\Kernel->Illuminate\\Foundation\\Http\\{closure}(Object(Illuminate\\Http\\Request))
#36 /Users/mac/repos/jamo-shipping-backend/vendor/laravel/framework/src/Illuminate/Foundation/Http/Middleware/TransformsRequest.php(21): Illuminate\\Pipeline\\Pipeline->Illuminate\\Pipeline\\{closure}(Object(Illuminate\\Http\\Request))
#37 /Users/mac/repos/jamo-shipping-backend/vendor/laravel/framework/src/Illuminate/Foundation/Http/Middleware/ConvertEmptyStringsToNull.php(31): Illuminate\\Foundation\\Http\\Middleware\\TransformsRequest->handle(Object(Illuminate\\Http\\Request), Object(Closure))
#38 /Users/mac/repos/jamo-shipping-backend/vendor/laravel/framework/src/Illuminate/Pipeline/Pipeline.php(167): Illuminate\\Foundation\\Http\\Middleware\\ConvertEmptyStringsToNull->handle(Object(Illuminate\\Http\\Request), Object(Closure))
#39 /Users/mac/repos/jamo-shipping-backend/vendor/laravel/framework/src/Illuminate/Foundation/Http/Middleware/TransformsRequest.php(21): Illuminate\\Pipeline\\Pipeline->Illuminate\\Pipeline\\{closure}(Object(Illuminate\\Http\\Request))
#40 /Users/mac/repos/jamo-shipping-backend/vendor/laravel/framework/src/Illuminate/Foundation/Http/Middleware/TrimStrings.php(40): Illuminate\\Foundation\\Http\\Middleware\\TransformsRequest->handle(Object(Illuminate\\Http\\Request), Object(Closure))
#41 /Users/mac/repos/jamo-shipping-backend/vendor/laravel/framework/src/Illuminate/Pipeline/Pipeline.php(167): Illuminate\\Foundation\\Http\\Middleware\\TrimStrings->handle(Object(Illuminate\\Http\\Request), Object(Closure))
#42 /Users/mac/repos/jamo-shipping-backend/vendor/laravel/framework/src/Illuminate/Foundation/Http/Middleware/ValidatePostSize.php(27): Illuminate\\Pipeline\\Pipeline->Illuminate\\Pipeline\\{closure}(Object(Illuminate\\Http\\Request))
#43 /Users/mac/repos/jamo-shipping-backend/vendor/laravel/framework/src/Illuminate/Pipeline/Pipeline.php(167): Illuminate\\Foundation\\Http\\Middleware\\ValidatePostSize->handle(Object(Illuminate\\Http\\Request), Object(Closure))
#44 /Users/mac/repos/jamo-shipping-backend/vendor/laravel/framework/src/Illuminate/Foundation/Http/Middleware/PreventRequestsDuringMaintenance.php(86): Illuminate\\Pipeline\\Pipeline->Illuminate\\Pipeline\\{closure}(Object(Illuminate\\Http\\Request))
#45 /Users/mac/repos/jamo-shipping-backend/vendor/laravel/framework/src/Illuminate/Pipeline/Pipeline.php(167): Illuminate\\Foundation\\Http\\Middleware\\PreventRequestsDuringMaintenance->handle(Object(Illuminate\\Http\\Request), Object(Closure))
#46 /Users/mac/repos/jamo-shipping-backend/vendor/laravel/framework/src/Illuminate/Http/Middleware/HandleCors.php(62): Illuminate\\Pipeline\\Pipeline->Illuminate\\Pipeline\\{closure}(Object(Illuminate\\Http\\Request))
#47 /Users/mac/repos/jamo-shipping-backend/vendor/laravel/framework/src/Illuminate/Pipeline/Pipeline.php(167): Illuminate\\Http\\Middleware\\HandleCors->handle(Object(Illuminate\\Http\\Request), Object(Closure))
#48 /Users/mac/repos/jamo-shipping-backend/vendor/laravel/framework/src/Illuminate/Http/Middleware/TrustProxies.php(39): Illuminate\\Pipeline\\Pipeline->Illuminate\\Pipeline\\{closure}(Object(Illuminate\\Http\\Request))
#49 /Users/mac/repos/jamo-shipping-backend/vendor/laravel/framework/src/Illuminate/Pipeline/Pipeline.php(167): Illuminate\\Http\\Middleware\\TrustProxies->handle(Object(Illuminate\\Http\\Request), Object(Closure))
#50 /Users/mac/repos/jamo-shipping-backend/vendor/laravel/framework/src/Illuminate/Pipeline/Pipeline.php(103): Illuminate\\Pipeline\\Pipeline->Illuminate\\Pipeline\\{closure}(Object(Illuminate\\Http\\Request))
#51 /Users/mac/repos/jamo-shipping-backend/vendor/laravel/framework/src/Illuminate/Foundation/Http/Kernel.php(142): Illuminate\\Pipeline\\Pipeline->then(Object(Closure))
#52 /Users/mac/repos/jamo-shipping-backend/vendor/laravel/framework/src/Illuminate/Foundation/Http/Kernel.php(111): Illuminate\\Foundation\\Http\\Kernel->sendRequestThroughRouter(Object(Illuminate\\Http\\Request))
#53 /Users/mac/repos/jamo-shipping-backend/public/index.php(52): Illuminate\\Foundation\\Http\\Kernel->handle(Object(Illuminate\\Http\\Request))
#54 /Users/mac/repos/jamo-shipping-backend/vendor/laravel/framework/src/Illuminate/Foundation/resources/server.php(16): require_once('/Users/mac/repo...')
#55 {main}
"} 
